# Logfile created on 2014-03-17 09:53:31 -0300 by logger.rb/41954
I, [2014-03-17T09:53:31.230057 #3881]  INFO -- : 2:  rake (10.1.1) from /opt/boxen/rbenv/versions/2.0.0-p353/lib/ruby/gems/2.0.0/specifications/rake-10.1.1.gemspec
I, [2014-03-17T09:53:31.238384 #3881]  INFO -- : 2:  builder (3.0.4) from /opt/boxen/rbenv/versions/2.0.0-p353/lib/ruby/gems/2.0.0/specifications/builder-3.0.4.gemspec
I, [2014-03-17T09:53:31.241689 #3880]  INFO -- : 1:  multi_json (1.9.0) from /opt/boxen/rbenv/versions/2.0.0-p353/lib/ruby/gems/2.0.0/specifications/multi_json-1.9.0.gemspec
I, [2014-03-17T09:53:31.241972 #3882]  INFO -- : 3:  i18n (0.6.9) from /opt/boxen/rbenv/versions/2.0.0-p353/lib/ruby/gems/2.0.0/specifications/i18n-0.6.9.gemspec
I, [2014-03-17T09:53:31.243395 #3879]  INFO -- : 0:  aggregate (0.2.2) from /opt/boxen/rbenv/versions/2.0.0-p353/lib/ruby/gems/2.0.0/specifications/aggregate-0.2.2.gemspec
I, [2014-03-17T09:53:31.244791 #3881]  INFO -- : 2:  connection_pool (2.0.0) from /opt/boxen/rbenv/versions/2.0.0-p353/lib/ruby/gems/2.0.0/specifications/connection_pool-2.0.0.gemspec
I, [2014-03-17T09:53:31.244999 #3882]  INFO -- : 3:  timers (1.1.0) from /opt/boxen/rbenv/versions/2.0.0-p353/lib/ruby/gems/2.0.0/specifications/timers-1.1.0.gemspec
I, [2014-03-17T09:53:31.246232 #3880]  INFO -- : 1:  multipart-post (1.2.0) from /opt/boxen/rbenv/versions/2.0.0-p353/lib/ruby/gems/2.0.0/specifications/multipart-post-1.2.0.gemspec
I, [2014-03-17T09:53:31.246795 #3881]  INFO -- : 2:  moped (1.5.2) from /opt/boxen/rbenv/versions/2.0.0-p353/lib/ruby/gems/2.0.0/specifications/moped-1.5.2.gemspec
I, [2014-03-17T09:53:31.247752 #3881]  INFO -- : 2:  origin (1.1.0) from /opt/boxen/rbenv/versions/2.0.0-p353/lib/ruby/gems/2.0.0/specifications/origin-1.1.0.gemspec
I, [2014-03-17T09:53:31.249446 #3881]  INFO -- : 2:  redis (3.0.7) from /opt/boxen/rbenv/versions/2.0.0-p353/lib/ruby/gems/2.0.0/specifications/redis-3.0.7.gemspec
I, [2014-03-17T09:53:31.250587 #3882]  INFO -- : 3:  json-schema (2.2.2) from /opt/boxen/rbenv/versions/2.0.0-p353/lib/ruby/gems/2.0.0/specifications/json-schema-2.2.2.gemspec
I, [2014-03-17T09:53:31.251099 #3881]  INFO -- : 2:  bundler (1.5.1) from /opt/boxen/rbenv/versions/2.0.0-p353/lib/ruby/gems/2.0.0/specifications/bundler-1.5.1.gemspec
I, [2014-03-17T09:53:31.248293 #3879]  INFO -- : 0:  json (1.8.1) from /opt/boxen/rbenv/versions/2.0.0-p353/lib/ruby/gems/2.0.0/specifications/json-1.8.1.gemspec
I, [2014-03-17T09:53:31.252491 #3881]  INFO -- : 2:  airbrake (3.1.16) from /opt/boxen/rbenv/versions/2.0.0-p353/lib/ruby/gems/2.0.0/specifications/airbrake-3.1.16.gemspec
I, [2014-03-17T09:53:31.253242 #3880]  INFO -- : 1:  tzinfo (0.3.39) from /opt/boxen/rbenv/versions/2.0.0-p353/lib/ruby/gems/2.0.0/specifications/tzinfo-0.3.39.gemspec
I, [2014-03-17T09:53:31.253997 #3882]  INFO -- : 3:  activesupport (3.2.17) from /opt/boxen/rbenv/versions/2.0.0-p353/lib/ruby/gems/2.0.0/specifications/activesupport-3.2.17.gemspec
I, [2014-03-17T09:53:31.261255 #3879]  INFO -- : 0:  celluloid (0.15.2) from /opt/boxen/rbenv/versions/2.0.0-p353/lib/ruby/gems/2.0.0/specifications/celluloid-0.15.2.gemspec
I, [2014-03-17T09:53:31.264894 #3879]  INFO -- : 0:  faraday (0.8.9) from /opt/boxen/rbenv/versions/2.0.0-p353/lib/ruby/gems/2.0.0/specifications/faraday-0.8.9.gemspec
I, [2014-03-17T09:53:31.273327 #3881]  INFO -- : 2:  redis-namespace (1.4.1) from /opt/boxen/rbenv/versions/2.0.0-p353/lib/ruby/gems/2.0.0/specifications/redis-namespace-1.4.1.gemspec
I, [2014-03-17T09:53:31.275470 #3882]  INFO -- : 3:  activemodel (3.2.17) from /opt/boxen/rbenv/versions/2.0.0-p353/lib/ruby/gems/2.0.0/specifications/activemodel-3.2.17.gemspec
I, [2014-03-17T09:53:31.276253 #3879]  INFO -- : 0:  librato-metrics (1.3.0) from /opt/boxen/rbenv/versions/2.0.0-p353/lib/ruby/gems/2.0.0/specifications/librato-metrics-1.3.0.gemspec
I, [2014-03-17T09:53:31.276589 #3880]  INFO -- : 1:  sendgrid_webapi (0.0.3) from /opt/boxen/rbenv/versions/2.0.0-p353/lib/ruby/gems/2.0.0/specifications/sendgrid_webapi-0.0.3.gemspec
I, [2014-03-17T09:53:31.277710 #3879]  INFO -- : 0:  sidekiq (2.17.7) from /opt/boxen/rbenv/versions/2.0.0-p353/lib/ruby/gems/2.0.0/specifications/sidekiq-2.17.7.gemspec
I, [2014-03-17T09:53:31.277806 #3881]  INFO -- : 2:  mongoid (3.1.6) from /opt/boxen/rbenv/versions/2.0.0-p353/lib/ruby/gems/2.0.0/specifications/mongoid-3.1.6.gemspec
I, [2014-03-17T09:53:31.491983 #3880]  INFO -- : 1:  mailcannon (0.0.8) from /opt/boxen/rbenv/versions/2.0.0-p353/lib/ruby/gems/2.0.0/bundler/gems/mailcannon-5a0d77d05e86/mailcannon.gemspec
I, [2014-03-17T09:53:33.445073 #3882]  INFO -- : 3:  kiqstand (1.1.0) from /opt/boxen/rbenv/versions/2.0.0-p353/lib/ruby/gems/2.0.0/specifications/kiqstand-1.1.0.gemspec
